{"/home/luiz/projects/gobarber/mobile/src/components/Button/index.tsx": {"path":"/home/luiz/projects/gobarber/mobile/src/components/Button/index.tsx","statementMap":{"0":{"start":{"line":10,"column":38},"end":{"line":14,"column":1}},"1":{"start":{"line":11,"column":2},"end":{"line":13,"column":14}}},"fnMap":{"0":{"name":"(anonymous_0)","decl":{"start":{"line":10,"column":38},"end":{"line":10,"column":39}},"loc":{"start":{"line":11,"column":2},"end":{"line":13,"column":14}},"line":11}},"branchMap":{},"s":{"0":1,"1":1},"f":{"0":1},"b":{},"_coverageSchema":"43e27e138ebf9cfc5966b082cf9a028302ed4184","hash":"a5b6da53b690088acc3dd973b72c3db7462f2068"}
,"/home/luiz/projects/gobarber/mobile/src/components/Input/index.tsx": {"path":"/home/luiz/projects/gobarber/mobile/src/components/Input/index.tsx","statementMap":{"0":{"start":{"line":28,"column":66},"end":{"line":92,"column":1}},"1":{"start":{"line":32,"column":26},"end":{"line":32,"column":43}},"2":{"start":{"line":33,"column":65},"end":{"line":33,"column":79}},"3":{"start":{"line":34,"column":24},"end":{"line":34,"column":76}},"4":{"start":{"line":36,"column":36},"end":{"line":36,"column":51}},"5":{"start":{"line":37,"column":34},"end":{"line":37,"column":49}},"6":{"start":{"line":39,"column":27},"end":{"line":41,"column":8}},"7":{"start":{"line":40,"column":4},"end":{"line":40,"column":23}},"8":{"start":{"line":43,"column":26},"end":{"line":47,"column":8}},"9":{"start":{"line":44,"column":4},"end":{"line":44,"column":24}},"10":{"start":{"line":46,"column":4},"end":{"line":46,"column":47}},"11":{"start":{"line":49,"column":2},"end":{"line":53,"column":6}},"12":{"start":{"line":49,"column":34},"end":{"line":53,"column":3}},"13":{"start":{"line":51,"column":6},"end":{"line":51,"column":38}},"14":{"start":{"line":55,"column":2},"end":{"line":69,"column":33}},"15":{"start":{"line":56,"column":4},"end":{"line":68,"column":7}},"16":{"start":{"line":61,"column":8},"end":{"line":61,"column":44}},"17":{"start":{"line":62,"column":8},"end":{"line":62,"column":64}},"18":{"start":{"line":65,"column":8},"end":{"line":65,"column":41}},"19":{"start":{"line":66,"column":8},"end":{"line":66,"column":40}},"20":{"start":{"line":71,"column":2},"end":{"line":91,"column":4}},"21":{"start":{"line":86,"column":10},"end":{"line":86,"column":46}}},"fnMap":{"0":{"name":"(anonymous_0)","decl":{"start":{"line":28,"column":66},"end":{"line":28,"column":67}},"loc":{"start":{"line":31,"column":5},"end":{"line":92,"column":1}},"line":31},"1":{"name":"(anonymous_1)","decl":{"start":{"line":39,"column":39},"end":{"line":39,"column":40}},"loc":{"start":{"line":39,"column":45},"end":{"line":41,"column":3}},"line":39},"2":{"name":"(anonymous_2)","decl":{"start":{"line":43,"column":38},"end":{"line":43,"column":39}},"loc":{"start":{"line":43,"column":44},"end":{"line":47,"column":3}},"line":43},"3":{"name":"(anonymous_3)","decl":{"start":{"line":49,"column":27},"end":{"line":49,"column":28}},"loc":{"start":{"line":49,"column":34},"end":{"line":53,"column":3}},"line":49},"4":{"name":"(anonymous_4)","decl":{"start":{"line":50,"column":4},"end":{"line":50,"column":5}},"loc":{"start":{"line":50,"column":12},"end":{"line":52,"column":5}},"line":50},"5":{"name":"(anonymous_5)","decl":{"start":{"line":55,"column":12},"end":{"line":55,"column":13}},"loc":{"start":{"line":55,"column":18},"end":{"line":69,"column":3}},"line":55},"6":{"name":"(anonymous_6)","decl":{"start":{"line":60,"column":6},"end":{"line":60,"column":7}},"loc":{"start":{"line":60,"column":32},"end":{"line":63,"column":7}},"line":60},"7":{"name":"(anonymous_7)","decl":{"start":{"line":64,"column":6},"end":{"line":64,"column":7}},"loc":{"start":{"line":64,"column":19},"end":{"line":67,"column":7}},"line":64},"8":{"name":"(anonymous_8)","decl":{"start":{"line":85,"column":22},"end":{"line":85,"column":23}},"loc":{"start":{"line":85,"column":31},"end":{"line":87,"column":9}},"line":85}},"branchMap":{"0":{"loc":{"start":{"line":29,"column":16},"end":{"line":29,"column":35}},"type":"default-arg","locations":[{"start":{"line":29,"column":33},"end":{"line":29,"column":35}}],"line":29},"1":{"loc":{"start":{"line":33,"column":25},"end":{"line":33,"column":42}},"type":"default-arg","locations":[{"start":{"line":33,"column":40},"end":{"line":33,"column":42}}],"line":33},"2":{"loc":{"start":{"line":76,"column":15},"end":{"line":76,"column":60}},"type":"cond-expr","locations":[{"start":{"line":76,"column":39},"end":{"line":76,"column":48}},{"start":{"line":76,"column":51},"end":{"line":76,"column":60}}],"line":76},"3":{"loc":{"start":{"line":76,"column":15},"end":{"line":76,"column":36}},"type":"binary-expr","locations":[{"start":{"line":76,"column":15},"end":{"line":76,"column":24}},{"start":{"line":76,"column":28},"end":{"line":76,"column":36}}],"line":76}},"s":{"0":1,"1":2,"2":2,"3":2,"4":2,"5":2,"6":2,"7":0,"8":2,"9":0,"10":0,"11":2,"12":1,"13":0,"14":2,"15":2,"16":0,"17":0,"18":0,"19":0,"20":2,"21":0},"f":{"0":2,"1":0,"2":0,"3":1,"4":0,"5":2,"6":0,"7":0,"8":0},"b":{"0":[2],"1":[2],"2":[0,2],"3":[2,2]},"_coverageSchema":"43e27e138ebf9cfc5966b082cf9a028302ed4184","hash":"907f67c57d30bf5309c1d2aa0caeeaa32df0c7bc"}
,"/home/luiz/projects/gobarber/mobile/src/pages/AppointmentCreated/index.tsx": {"path":"/home/luiz/projects/gobarber/mobile/src/pages/AppointmentCreated/index.tsx","statementMap":{"0":{"start":{"line":19,"column":37},"end":{"line":51,"column":1}},"1":{"start":{"line":20,"column":20},"end":{"line":20,"column":35}},"2":{"start":{"line":21,"column":21},"end":{"line":21,"column":31}},"3":{"start":{"line":23,"column":22},"end":{"line":23,"column":43}},"4":{"start":{"line":25,"column":26},"end":{"line":30,"column":13}},"5":{"start":{"line":26,"column":4},"end":{"line":29,"column":7}},"6":{"start":{"line":32,"column":24},"end":{"line":38,"column":24}},"7":{"start":{"line":33,"column":4},"end":{"line":37,"column":6}},"8":{"start":{"line":40,"column":2},"end":{"line":50,"column":4}}},"fnMap":{"0":{"name":"(anonymous_0)","decl":{"start":{"line":19,"column":37},"end":{"line":19,"column":38}},"loc":{"start":{"line":19,"column":43},"end":{"line":51,"column":1}},"line":19},"1":{"name":"(anonymous_1)","decl":{"start":{"line":25,"column":38},"end":{"line":25,"column":39}},"loc":{"start":{"line":25,"column":44},"end":{"line":30,"column":3}},"line":25},"2":{"name":"(anonymous_2)","decl":{"start":{"line":32,"column":32},"end":{"line":32,"column":33}},"loc":{"start":{"line":32,"column":38},"end":{"line":38,"column":3}},"line":32}},"branchMap":{},"s":{"0":0,"1":0,"2":0,"3":0,"4":0,"5":0,"6":0,"7":0,"8":0},"f":{"0":0,"1":0,"2":0},"b":{},"hash":"0a49e40b585fe67e1bd4796e8ff06c16d3072bef"}
,"/home/luiz/projects/gobarber/mobile/src/pages/CreateAppointment/index.tsx": {"path":"/home/luiz/projects/gobarber/mobile/src/pages/CreateAppointment/index.tsx","statementMap":{"0":{"start":{"line":51,"column":36},"end":{"line":261,"column":1}},"1":{"start":{"line":52,"column":19},"end":{"line":52,"column":28}},"2":{"start":{"line":53,"column":16},"end":{"line":53,"column":26}},"3":{"start":{"line":54,"column":31},"end":{"line":54,"column":46}},"4":{"start":{"line":56,"column":22},"end":{"line":56,"column":49}},"5":{"start":{"line":58,"column":46},"end":{"line":58,"column":61}},"6":{"start":{"line":59,"column":36},"end":{"line":59,"column":60}},"7":{"start":{"line":60,"column":50},"end":{"line":62,"column":3}},"8":{"start":{"line":63,"column":42},"end":{"line":63,"column":62}},"9":{"start":{"line":64,"column":42},"end":{"line":64,"column":74}},"10":{"start":{"line":65,"column":42},"end":{"line":65,"column":53}},"11":{"start":{"line":67,"column":2},"end":{"line":71,"column":9}},"12":{"start":{"line":68,"column":4},"end":{"line":70,"column":7}},"13":{"start":{"line":69,"column":6},"end":{"line":69,"column":34}},"14":{"start":{"line":73,"column":2},"end":{"line":85,"column":39}},"15":{"start":{"line":74,"column":4},"end":{"line":84,"column":9}},"16":{"start":{"line":83,"column":8},"end":{"line":83,"column":39}},"17":{"start":{"line":87,"column":23},"end":{"line":89,"column":14}},"18":{"start":{"line":88,"column":4},"end":{"line":88,"column":13}},"19":{"start":{"line":91,"column":31},"end":{"line":93,"column":8}},"20":{"start":{"line":92,"column":4},"end":{"line":92,"column":36}},"21":{"start":{"line":95,"column":33},"end":{"line":97,"column":8}},"22":{"start":{"line":96,"column":4},"end":{"line":96,"column":39}},"23":{"start":{"line":96,"column":31},"end":{"line":96,"column":37}},"24":{"start":{"line":99,"column":28},"end":{"line":110,"column":3}},"25":{"start":{"line":101,"column":6},"end":{"line":103,"column":7}},"26":{"start":{"line":102,"column":8},"end":{"line":102,"column":33}},"27":{"start":{"line":105,"column":6},"end":{"line":107,"column":7}},"28":{"start":{"line":106,"column":8},"end":{"line":106,"column":30}},"29":{"start":{"line":112,"column":27},"end":{"line":114,"column":8}},"30":{"start":{"line":113,"column":4},"end":{"line":113,"column":26}},"31":{"start":{"line":116,"column":34},"end":{"line":135,"column":62}},"32":{"start":{"line":117,"column":4},"end":{"line":134,"column":5}},"33":{"start":{"line":118,"column":19},"end":{"line":118,"column":41}},"34":{"start":{"line":120,"column":6},"end":{"line":120,"column":34}},"35":{"start":{"line":121,"column":6},"end":{"line":121,"column":25}},"36":{"start":{"line":123,"column":6},"end":{"line":126,"column":9}},"37":{"start":{"line":128,"column":6},"end":{"line":128,"column":63}},"38":{"start":{"line":130,"column":6},"end":{"line":133,"column":8}},"39":{"start":{"line":137,"column":30},"end":{"line":147,"column":20}},"40":{"start":{"line":138,"column":4},"end":{"line":146,"column":9}},"41":{"start":{"line":139,"column":28},"end":{"line":139,"column":37}},"42":{"start":{"line":141,"column":8},"end":{"line":145,"column":10}},"43":{"start":{"line":149,"column":32},"end":{"line":159,"column":20}},"44":{"start":{"line":150,"column":4},"end":{"line":158,"column":9}},"45":{"start":{"line":151,"column":28},"end":{"line":151,"column":38}},"46":{"start":{"line":153,"column":8},"end":{"line":157,"column":10}},"47":{"start":{"line":161,"column":2},"end":{"line":260,"column":4}},"48":{"start":{"line":178,"column":38},"end":{"line":178,"column":49}},"49":{"start":{"line":180,"column":14},"end":{"line":188,"column":34}},"50":{"start":{"line":181,"column":31},"end":{"line":181,"column":64}},"51":{"start":{"line":218,"column":16},"end":{"line":228,"column":23}},"52":{"start":{"line":221,"column":33},"end":{"line":221,"column":55}},"53":{"start":{"line":239,"column":18},"end":{"line":249,"column":25}},"54":{"start":{"line":242,"column":35},"end":{"line":242,"column":57}}},"fnMap":{"0":{"name":"(anonymous_0)","decl":{"start":{"line":51,"column":36},"end":{"line":51,"column":37}},"loc":{"start":{"line":51,"column":42},"end":{"line":261,"column":1}},"line":51},"1":{"name":"(anonymous_1)","decl":{"start":{"line":67,"column":12},"end":{"line":67,"column":13}},"loc":{"start":{"line":67,"column":18},"end":{"line":71,"column":3}},"line":67},"2":{"name":"(anonymous_2)","decl":{"start":{"line":68,"column":30},"end":{"line":68,"column":31}},"loc":{"start":{"line":68,"column":42},"end":{"line":70,"column":5}},"line":68},"3":{"name":"(anonymous_3)","decl":{"start":{"line":73,"column":12},"end":{"line":73,"column":13}},"loc":{"start":{"line":73,"column":18},"end":{"line":85,"column":3}},"line":73},"4":{"name":"(anonymous_4)","decl":{"start":{"line":82,"column":12},"end":{"line":82,"column":13}},"loc":{"start":{"line":82,"column":24},"end":{"line":84,"column":7}},"line":82},"5":{"name":"(anonymous_5)","decl":{"start":{"line":87,"column":35},"end":{"line":87,"column":36}},"loc":{"start":{"line":87,"column":41},"end":{"line":89,"column":3}},"line":87},"6":{"name":"(anonymous_6)","decl":{"start":{"line":91,"column":43},"end":{"line":91,"column":44}},"loc":{"start":{"line":91,"column":67},"end":{"line":93,"column":3}},"line":91},"7":{"name":"(anonymous_7)","decl":{"start":{"line":95,"column":45},"end":{"line":95,"column":46}},"loc":{"start":{"line":95,"column":51},"end":{"line":97,"column":3}},"line":95},"8":{"name":"(anonymous_8)","decl":{"start":{"line":96,"column":22},"end":{"line":96,"column":23}},"loc":{"start":{"line":96,"column":31},"end":{"line":96,"column":37}},"line":96},"9":{"name":"(anonymous_9)","decl":{"start":{"line":100,"column":4},"end":{"line":100,"column":5}},"loc":{"start":{"line":100,"column":44},"end":{"line":108,"column":5}},"line":100},"10":{"name":"(anonymous_10)","decl":{"start":{"line":112,"column":39},"end":{"line":112,"column":40}},"loc":{"start":{"line":112,"column":57},"end":{"line":114,"column":3}},"line":112},"11":{"name":"(anonymous_11)","decl":{"start":{"line":116,"column":46},"end":{"line":116,"column":47}},"loc":{"start":{"line":116,"column":58},"end":{"line":135,"column":3}},"line":116},"12":{"name":"(anonymous_12)","decl":{"start":{"line":137,"column":38},"end":{"line":137,"column":39}},"loc":{"start":{"line":137,"column":44},"end":{"line":147,"column":3}},"line":137},"13":{"name":"(anonymous_13)","decl":{"start":{"line":139,"column":14},"end":{"line":139,"column":15}},"loc":{"start":{"line":139,"column":28},"end":{"line":139,"column":37}},"line":139},"14":{"name":"(anonymous_14)","decl":{"start":{"line":140,"column":11},"end":{"line":140,"column":12}},"loc":{"start":{"line":140,"column":36},"end":{"line":146,"column":7}},"line":140},"15":{"name":"(anonymous_15)","decl":{"start":{"line":149,"column":40},"end":{"line":149,"column":41}},"loc":{"start":{"line":149,"column":46},"end":{"line":159,"column":3}},"line":149},"16":{"name":"(anonymous_16)","decl":{"start":{"line":151,"column":14},"end":{"line":151,"column":15}},"loc":{"start":{"line":151,"column":28},"end":{"line":151,"column":38}},"line":151},"17":{"name":"(anonymous_17)","decl":{"start":{"line":152,"column":11},"end":{"line":152,"column":12}},"loc":{"start":{"line":152,"column":36},"end":{"line":158,"column":7}},"line":152},"18":{"name":"(anonymous_18)","decl":{"start":{"line":178,"column":26},"end":{"line":178,"column":27}},"loc":{"start":{"line":178,"column":38},"end":{"line":178,"column":49}},"line":178},"19":{"name":"(anonymous_19)","decl":{"start":{"line":179,"column":24},"end":{"line":179,"column":25}},"loc":{"start":{"line":180,"column":14},"end":{"line":188,"column":34}},"line":180},"20":{"name":"(anonymous_20)","decl":{"start":{"line":181,"column":25},"end":{"line":181,"column":26}},"loc":{"start":{"line":181,"column":31},"end":{"line":181,"column":64}},"line":181},"21":{"name":"(anonymous_21)","decl":{"start":{"line":217,"column":39},"end":{"line":217,"column":40}},"loc":{"start":{"line":218,"column":16},"end":{"line":228,"column":23}},"line":218},"22":{"name":"(anonymous_22)","decl":{"start":{"line":221,"column":27},"end":{"line":221,"column":28}},"loc":{"start":{"line":221,"column":33},"end":{"line":221,"column":55}},"line":221},"23":{"name":"(anonymous_23)","decl":{"start":{"line":238,"column":16},"end":{"line":238,"column":17}},"loc":{"start":{"line":239,"column":18},"end":{"line":249,"column":25}},"line":239},"24":{"name":"(anonymous_24)","decl":{"start":{"line":242,"column":29},"end":{"line":242,"column":30}},"loc":{"start":{"line":242,"column":35},"end":{"line":242,"column":57}},"line":242}},"branchMap":{"0":{"loc":{"start":{"line":101,"column":6},"end":{"line":103,"column":7}},"type":"if","locations":[{"start":{"line":101,"column":6},"end":{"line":103,"column":7}},{"start":{"line":101,"column":6},"end":{"line":103,"column":7}}],"line":101},"1":{"loc":{"start":{"line":105,"column":6},"end":{"line":107,"column":7}},"type":"if","locations":[{"start":{"line":105,"column":6},"end":{"line":107,"column":7}},{"start":{"line":105,"column":6},"end":{"line":107,"column":7}}],"line":105},"2":{"loc":{"start":{"line":199,"column":11},"end":{"line":207,"column":11}},"type":"binary-expr","locations":[{"start":{"line":199,"column":11},"end":{"line":199,"column":25}},{"start":{"line":200,"column":12},"end":{"line":206,"column":14}}],"line":199}},"s":{"0":0,"1":0,"2":0,"3":0,"4":0,"5":0,"6":0,"7":0,"8":0,"9":0,"10":0,"11":0,"12":0,"13":0,"14":0,"15":0,"16":0,"17":0,"18":0,"19":0,"20":0,"21":0,"22":0,"23":0,"24":0,"25":0,"26":0,"27":0,"28":0,"29":0,"30":0,"31":0,"32":0,"33":0,"34":0,"35":0,"36":0,"37":0,"38":0,"39":0,"40":0,"41":0,"42":0,"43":0,"44":0,"45":0,"46":0,"47":0,"48":0,"49":0,"50":0,"51":0,"52":0,"53":0,"54":0},"f":{"0":0,"1":0,"2":0,"3":0,"4":0,"5":0,"6":0,"7":0,"8":0,"9":0,"10":0,"11":0,"12":0,"13":0,"14":0,"15":0,"16":0,"17":0,"18":0,"19":0,"20":0,"21":0,"22":0,"23":0,"24":0},"b":{"0":[0,0],"1":[0,0],"2":[0,0]},"hash":"23bde61d6296bb5abb786efc3d82403f6cfccc3c"}
,"/home/luiz/projects/gobarber/mobile/src/pages/Dashboard/index.tsx": {"path":"/home/luiz/projects/gobarber/mobile/src/pages/Dashboard/index.tsx","statementMap":{"0":{"start":{"line":31,"column":28},"end":{"line":93,"column":1}},"1":{"start":{"line":32,"column":36},"end":{"line":32,"column":60}},"2":{"start":{"line":34,"column":19},"end":{"line":34,"column":28}},"3":{"start":{"line":35,"column":23},"end":{"line":35,"column":38}},"4":{"start":{"line":37,"column":2},"end":{"line":41,"column":9}},"5":{"start":{"line":38,"column":4},"end":{"line":40,"column":7}},"6":{"start":{"line":39,"column":6},"end":{"line":39,"column":34}},"7":{"start":{"line":43,"column":28},"end":{"line":45,"column":16}},"8":{"start":{"line":44,"column":4},"end":{"line":44,"column":24}},"9":{"start":{"line":47,"column":38},"end":{"line":52,"column":3}},"10":{"start":{"line":49,"column":6},"end":{"line":49,"column":52}},"11":{"start":{"line":54,"column":2},"end":{"line":92,"column":4}},"12":{"start":{"line":68,"column":34},"end":{"line":68,"column":45}},"13":{"start":{"line":73,"column":10},"end":{"line":88,"column":30}},"14":{"start":{"line":74,"column":27},"end":{"line":74,"column":67}}},"fnMap":{"0":{"name":"(anonymous_0)","decl":{"start":{"line":31,"column":28},"end":{"line":31,"column":29}},"loc":{"start":{"line":31,"column":34},"end":{"line":93,"column":1}},"line":31},"1":{"name":"(anonymous_1)","decl":{"start":{"line":37,"column":12},"end":{"line":37,"column":13}},"loc":{"start":{"line":37,"column":18},"end":{"line":41,"column":3}},"line":37},"2":{"name":"(anonymous_2)","decl":{"start":{"line":38,"column":30},"end":{"line":38,"column":31}},"loc":{"start":{"line":38,"column":42},"end":{"line":40,"column":5}},"line":38},"3":{"name":"(anonymous_3)","decl":{"start":{"line":43,"column":40},"end":{"line":43,"column":41}},"loc":{"start":{"line":43,"column":46},"end":{"line":45,"column":3}},"line":43},"4":{"name":"(anonymous_4)","decl":{"start":{"line":48,"column":4},"end":{"line":48,"column":5}},"loc":{"start":{"line":48,"column":28},"end":{"line":50,"column":5}},"line":48},"5":{"name":"(anonymous_5)","decl":{"start":{"line":68,"column":22},"end":{"line":68,"column":23}},"loc":{"start":{"line":68,"column":34},"end":{"line":68,"column":45}},"line":68},"6":{"name":"(anonymous_6)","decl":{"start":{"line":72,"column":20},"end":{"line":72,"column":21}},"loc":{"start":{"line":73,"column":10},"end":{"line":88,"column":30}},"line":73},"7":{"name":"(anonymous_7)","decl":{"start":{"line":74,"column":21},"end":{"line":74,"column":22}},"loc":{"start":{"line":74,"column":27},"end":{"line":74,"column":67}},"line":74}},"branchMap":{},"s":{"0":0,"1":0,"2":0,"3":0,"4":0,"5":0,"6":0,"7":0,"8":0,"9":0,"10":0,"11":0,"12":0,"13":0,"14":0},"f":{"0":0,"1":0,"2":0,"3":0,"4":0,"5":0,"6":0,"7":0},"b":{},"hash":"8323e6f7d001221fc3c845024803f8fa5e7c7179"}
,"/home/luiz/projects/gobarber/mobile/src/pages/Profile/index.tsx": {"path":"/home/luiz/projects/gobarber/mobile/src/pages/Profile/index.tsx","statementMap":{"0":{"start":{"line":39,"column":26},"end":{"line":244,"column":1}},"1":{"start":{"line":40,"column":31},"end":{"line":40,"column":40}},"2":{"start":{"line":42,"column":18},"end":{"line":42,"column":43}},"3":{"start":{"line":43,"column":24},"end":{"line":43,"column":47}},"4":{"start":{"line":44,"column":30},"end":{"line":44,"column":53}},"5":{"start":{"line":45,"column":27},"end":{"line":45,"column":50}},"6":{"start":{"line":46,"column":34},"end":{"line":46,"column":57}},"7":{"start":{"line":48,"column":21},"end":{"line":48,"column":36}},"8":{"start":{"line":50,"column":23},"end":{"line":52,"column":18}},"9":{"start":{"line":51,"column":4},"end":{"line":51,"column":24}},"10":{"start":{"line":54,"column":29},"end":{"line":85,"column":15}},"11":{"start":{"line":55,"column":4},"end":{"line":84,"column":6}},"12":{"start":{"line":63,"column":8},"end":{"line":65,"column":9}},"13":{"start":{"line":64,"column":10},"end":{"line":64,"column":17}},"14":{"start":{"line":67,"column":8},"end":{"line":70,"column":9}},"15":{"start":{"line":68,"column":10},"end":{"line":68,"column":55}},"16":{"start":{"line":69,"column":10},"end":{"line":69,"column":17}},"17":{"start":{"line":72,"column":21},"end":{"line":72,"column":35}},"18":{"start":{"line":74,"column":8},"end":{"line":78,"column":11}},"19":{"start":{"line":80,"column":8},"end":{"line":82,"column":11}},"20":{"start":{"line":81,"column":10},"end":{"line":81,"column":39}},"21":{"start":{"line":87,"column":23},"end":{"line":157,"column":3}},"22":{"start":{"line":89,"column":6},"end":{"line":154,"column":7}},"23":{"start":{"line":90,"column":8},"end":{"line":90,"column":39}},"24":{"start":{"line":92,"column":23},"end":{"line":108,"column":10}},"25":{"start":{"line":97,"column":23},"end":{"line":97,"column":35}},"26":{"start":{"line":103,"column":25},"end":{"line":103,"column":37}},"27":{"start":{"line":110,"column":8},"end":{"line":112,"column":11}},"28":{"start":{"line":120,"column":12},"end":{"line":120,"column":16}},"29":{"start":{"line":122,"column":25},"end":{"line":132,"column":9}},"30":{"start":{"line":134,"column":25},"end":{"line":134,"column":60}},"31":{"start":{"line":136,"column":8},"end":{"line":136,"column":34}},"32":{"start":{"line":138,"column":8},"end":{"line":138,"column":53}},"33":{"start":{"line":140,"column":8},"end":{"line":140,"column":28}},"34":{"start":{"line":142,"column":8},"end":{"line":148,"column":9}},"35":{"start":{"line":143,"column":25},"end":{"line":143,"column":49}},"36":{"start":{"line":145,"column":10},"end":{"line":145,"column":45}},"37":{"start":{"line":147,"column":10},"end":{"line":147,"column":17}},"38":{"start":{"line":150,"column":8},"end":{"line":153,"column":10}},"39":{"start":{"line":159,"column":2},"end":{"line":243,"column":4}},"40":{"start":{"line":188,"column":39},"end":{"line":188,"column":69}},"41":{"start":{"line":200,"column":39},"end":{"line":200,"column":75}},"42":{"start":{"line":212,"column":39},"end":{"line":212,"column":72}},"43":{"start":{"line":222,"column":39},"end":{"line":222,"column":79}},"44":{"start":{"line":232,"column":39},"end":{"line":232,"column":68}},"45":{"start":{"line":235,"column":37},"end":{"line":235,"column":66}}},"fnMap":{"0":{"name":"(anonymous_0)","decl":{"start":{"line":39,"column":26},"end":{"line":39,"column":27}},"loc":{"start":{"line":39,"column":32},"end":{"line":244,"column":1}},"line":39},"1":{"name":"(anonymous_1)","decl":{"start":{"line":50,"column":35},"end":{"line":50,"column":36}},"loc":{"start":{"line":50,"column":41},"end":{"line":52,"column":3}},"line":50},"2":{"name":"(anonymous_2)","decl":{"start":{"line":54,"column":41},"end":{"line":54,"column":42}},"loc":{"start":{"line":54,"column":47},"end":{"line":85,"column":3}},"line":54},"3":{"name":"(anonymous_3)","decl":{"start":{"line":62,"column":6},"end":{"line":62,"column":7}},"loc":{"start":{"line":62,"column":18},"end":{"line":83,"column":7}},"line":62},"4":{"name":"(anonymous_4)","decl":{"start":{"line":80,"column":45},"end":{"line":80,"column":46}},"loc":{"start":{"line":80,"column":60},"end":{"line":82,"column":9}},"line":80},"5":{"name":"(anonymous_5)","decl":{"start":{"line":88,"column":4},"end":{"line":88,"column":5}},"loc":{"start":{"line":88,"column":37},"end":{"line":155,"column":5}},"line":88},"6":{"name":"(anonymous_6)","decl":{"start":{"line":97,"column":16},"end":{"line":97,"column":17}},"loc":{"start":{"line":97,"column":23},"end":{"line":97,"column":35}},"line":97},"7":{"name":"(anonymous_7)","decl":{"start":{"line":103,"column":18},"end":{"line":103,"column":19}},"loc":{"start":{"line":103,"column":25},"end":{"line":103,"column":37}},"line":103},"8":{"name":"(anonymous_8)","decl":{"start":{"line":188,"column":33},"end":{"line":188,"column":34}},"loc":{"start":{"line":188,"column":39},"end":{"line":188,"column":69}},"line":188},"9":{"name":"(anonymous_9)","decl":{"start":{"line":200,"column":33},"end":{"line":200,"column":34}},"loc":{"start":{"line":200,"column":39},"end":{"line":200,"column":75}},"line":200},"10":{"name":"(anonymous_10)","decl":{"start":{"line":212,"column":33},"end":{"line":212,"column":34}},"loc":{"start":{"line":212,"column":39},"end":{"line":212,"column":72}},"line":212},"11":{"name":"(anonymous_11)","decl":{"start":{"line":222,"column":33},"end":{"line":222,"column":34}},"loc":{"start":{"line":222,"column":39},"end":{"line":222,"column":79}},"line":222},"12":{"name":"(anonymous_12)","decl":{"start":{"line":232,"column":33},"end":{"line":232,"column":34}},"loc":{"start":{"line":232,"column":39},"end":{"line":232,"column":68}},"line":232},"13":{"name":"(anonymous_13)","decl":{"start":{"line":235,"column":31},"end":{"line":235,"column":32}},"loc":{"start":{"line":235,"column":37},"end":{"line":235,"column":66}},"line":235}},"branchMap":{"0":{"loc":{"start":{"line":63,"column":8},"end":{"line":65,"column":9}},"type":"if","locations":[{"start":{"line":63,"column":8},"end":{"line":65,"column":9}},{"start":{"line":63,"column":8},"end":{"line":65,"column":9}}],"line":63},"1":{"loc":{"start":{"line":67,"column":8},"end":{"line":70,"column":9}},"type":"if","locations":[{"start":{"line":67,"column":8},"end":{"line":70,"column":9}},{"start":{"line":67,"column":8},"end":{"line":70,"column":9}}],"line":67},"2":{"loc":{"start":{"line":125,"column":14},"end":{"line":131,"column":16}},"type":"cond-expr","locations":[{"start":{"line":126,"column":14},"end":{"line":130,"column":15}},{"start":{"line":131,"column":14},"end":{"line":131,"column":16}}],"line":125},"3":{"loc":{"start":{"line":142,"column":8},"end":{"line":148,"column":9}},"type":"if","locations":[{"start":{"line":142,"column":8},"end":{"line":148,"column":9}},{"start":{"line":142,"column":8},"end":{"line":148,"column":9}}],"line":142},"4":{"loc":{"start":{"line":163,"column":18},"end":{"line":163,"column":63}},"type":"cond-expr","locations":[{"start":{"line":163,"column":42},"end":{"line":163,"column":51}},{"start":{"line":163,"column":54},"end":{"line":163,"column":63}}],"line":163}},"s":{"0":0,"1":0,"2":0,"3":0,"4":0,"5":0,"6":0,"7":0,"8":0,"9":0,"10":0,"11":0,"12":0,"13":0,"14":0,"15":0,"16":0,"17":0,"18":0,"19":0,"20":0,"21":0,"22":0,"23":0,"24":0,"25":0,"26":0,"27":0,"28":0,"29":0,"30":0,"31":0,"32":0,"33":0,"34":0,"35":0,"36":0,"37":0,"38":0,"39":0,"40":0,"41":0,"42":0,"43":0,"44":0,"45":0},"f":{"0":0,"1":0,"2":0,"3":0,"4":0,"5":0,"6":0,"7":0,"8":0,"9":0,"10":0,"11":0,"12":0,"13":0},"b":{"0":[0,0],"1":[0,0],"2":[0,0],"3":[0,0],"4":[0,0]},"hash":"9857c8de31f1656b013a6eb248ca3862f939dd10"}
,"/home/luiz/projects/gobarber/mobile/src/pages/SignIn/index.tsx": {"path":"/home/luiz/projects/gobarber/mobile/src/pages/SignIn/index.tsx","statementMap":{"0":{"start":{"line":40,"column":25},"end":{"line":150,"column":1}},"1":{"start":{"line":41,"column":18},"end":{"line":41,"column":43}},"2":{"start":{"line":42,"column":27},"end":{"line":42,"column":50}},"3":{"start":{"line":43,"column":21},"end":{"line":43,"column":36}},"4":{"start":{"line":45,"column":21},"end":{"line":45,"column":30}},"5":{"start":{"line":47,"column":23},"end":{"line":83,"column":3}},"6":{"start":{"line":49,"column":6},"end":{"line":80,"column":7}},"7":{"start":{"line":50,"column":8},"end":{"line":50,"column":39}},"8":{"start":{"line":52,"column":23},"end":{"line":57,"column":10}},"9":{"start":{"line":59,"column":8},"end":{"line":61,"column":11}},"10":{"start":{"line":63,"column":8},"end":{"line":66,"column":11}},"11":{"start":{"line":68,"column":8},"end":{"line":74,"column":9}},"12":{"start":{"line":69,"column":25},"end":{"line":69,"column":49}},"13":{"start":{"line":71,"column":10},"end":{"line":71,"column":45}},"14":{"start":{"line":73,"column":10},"end":{"line":73,"column":17}},"15":{"start":{"line":76,"column":8},"end":{"line":79,"column":10}},"16":{"start":{"line":85,"column":2},"end":{"line":149,"column":4}},"17":{"start":{"line":112,"column":18},"end":{"line":112,"column":52}},"18":{"start":{"line":122,"column":39},"end":{"line":122,"column":68}},"19":{"start":{"line":127,"column":18},"end":{"line":127,"column":48}},"20":{"start":{"line":136,"column":16},"end":{"line":136,"column":36}},"21":{"start":{"line":144,"column":42},"end":{"line":144,"column":71}}},"fnMap":{"0":{"name":"(anonymous_0)","decl":{"start":{"line":40,"column":25},"end":{"line":40,"column":26}},"loc":{"start":{"line":40,"column":31},"end":{"line":150,"column":1}},"line":40},"1":{"name":"(anonymous_1)","decl":{"start":{"line":48,"column":4},"end":{"line":48,"column":5}},"loc":{"start":{"line":48,"column":36},"end":{"line":81,"column":5}},"line":48},"2":{"name":"(anonymous_2)","decl":{"start":{"line":111,"column":33},"end":{"line":111,"column":34}},"loc":{"start":{"line":111,"column":39},"end":{"line":113,"column":17}},"line":111},"3":{"name":"(anonymous_3)","decl":{"start":{"line":122,"column":33},"end":{"line":122,"column":34}},"loc":{"start":{"line":122,"column":39},"end":{"line":122,"column":68}},"line":122},"4":{"name":"(anonymous_4)","decl":{"start":{"line":126,"column":25},"end":{"line":126,"column":26}},"loc":{"start":{"line":126,"column":31},"end":{"line":128,"column":17}},"line":126},"5":{"name":"(anonymous_5)","decl":{"start":{"line":135,"column":23},"end":{"line":135,"column":24}},"loc":{"start":{"line":135,"column":29},"end":{"line":137,"column":15}},"line":135},"6":{"name":"(anonymous_6)","decl":{"start":{"line":144,"column":36},"end":{"line":144,"column":37}},"loc":{"start":{"line":144,"column":42},"end":{"line":144,"column":71}},"line":144}},"branchMap":{"0":{"loc":{"start":{"line":68,"column":8},"end":{"line":74,"column":9}},"type":"if","locations":[{"start":{"line":68,"column":8},"end":{"line":74,"column":9}},{"start":{"line":68,"column":8},"end":{"line":74,"column":9}}],"line":68},"1":{"loc":{"start":{"line":89,"column":18},"end":{"line":89,"column":63}},"type":"cond-expr","locations":[{"start":{"line":89,"column":42},"end":{"line":89,"column":51}},{"start":{"line":89,"column":54},"end":{"line":89,"column":63}}],"line":89}},"s":{"0":1,"1":1,"2":1,"3":1,"4":1,"5":1,"6":0,"7":0,"8":0,"9":0,"10":0,"11":0,"12":0,"13":0,"14":0,"15":0,"16":1,"17":0,"18":0,"19":0,"20":0,"21":0},"f":{"0":1,"1":0,"2":0,"3":0,"4":0,"5":0,"6":0},"b":{"0":[0,0],"1":[1,0]},"_coverageSchema":"43e27e138ebf9cfc5966b082cf9a028302ed4184","hash":"52c5ce9d47f7e06a540fdf3569fe242588b67d53"}
,"/home/luiz/projects/gobarber/mobile/src/pages/SignUp/index.tsx": {"path":"/home/luiz/projects/gobarber/mobile/src/pages/SignUp/index.tsx","statementMap":{"0":{"start":{"line":38,"column":25},"end":{"line":150,"column":1}},"1":{"start":{"line":39,"column":18},"end":{"line":39,"column":43}},"2":{"start":{"line":40,"column":24},"end":{"line":40,"column":47}},"3":{"start":{"line":41,"column":27},"end":{"line":41,"column":50}},"4":{"start":{"line":43,"column":21},"end":{"line":43,"column":36}},"5":{"start":{"line":45,"column":23},"end":{"line":86,"column":3}},"6":{"start":{"line":47,"column":6},"end":{"line":83,"column":7}},"7":{"start":{"line":48,"column":8},"end":{"line":48,"column":39}},"8":{"start":{"line":50,"column":23},"end":{"line":56,"column":10}},"9":{"start":{"line":58,"column":8},"end":{"line":60,"column":11}},"10":{"start":{"line":62,"column":8},"end":{"line":62,"column":39}},"11":{"start":{"line":64,"column":8},"end":{"line":67,"column":10}},"12":{"start":{"line":69,"column":8},"end":{"line":69,"column":28}},"13":{"start":{"line":71,"column":8},"end":{"line":77,"column":9}},"14":{"start":{"line":72,"column":25},"end":{"line":72,"column":49}},"15":{"start":{"line":74,"column":10},"end":{"line":74,"column":45}},"16":{"start":{"line":76,"column":10},"end":{"line":76,"column":17}},"17":{"start":{"line":79,"column":8},"end":{"line":82,"column":10}},"18":{"start":{"line":88,"column":2},"end":{"line":149,"column":4}},"19":{"start":{"line":111,"column":39},"end":{"line":111,"column":69}},"20":{"start":{"line":123,"column":39},"end":{"line":123,"column":72}},"21":{"start":{"line":134,"column":39},"end":{"line":134,"column":68}},"22":{"start":{"line":137,"column":37},"end":{"line":137,"column":66}},"23":{"start":{"line":144,"column":41},"end":{"line":144,"column":60}}},"fnMap":{"0":{"name":"(anonymous_0)","decl":{"start":{"line":38,"column":25},"end":{"line":38,"column":26}},"loc":{"start":{"line":38,"column":31},"end":{"line":150,"column":1}},"line":38},"1":{"name":"(anonymous_1)","decl":{"start":{"line":46,"column":4},"end":{"line":46,"column":5}},"loc":{"start":{"line":46,"column":36},"end":{"line":84,"column":5}},"line":46},"2":{"name":"(anonymous_2)","decl":{"start":{"line":111,"column":33},"end":{"line":111,"column":34}},"loc":{"start":{"line":111,"column":39},"end":{"line":111,"column":69}},"line":111},"3":{"name":"(anonymous_3)","decl":{"start":{"line":123,"column":33},"end":{"line":123,"column":34}},"loc":{"start":{"line":123,"column":39},"end":{"line":123,"column":72}},"line":123},"4":{"name":"(anonymous_4)","decl":{"start":{"line":134,"column":33},"end":{"line":134,"column":34}},"loc":{"start":{"line":134,"column":39},"end":{"line":134,"column":68}},"line":134},"5":{"name":"(anonymous_5)","decl":{"start":{"line":137,"column":31},"end":{"line":137,"column":32}},"loc":{"start":{"line":137,"column":37},"end":{"line":137,"column":66}},"line":137},"6":{"name":"(anonymous_6)","decl":{"start":{"line":144,"column":35},"end":{"line":144,"column":36}},"loc":{"start":{"line":144,"column":41},"end":{"line":144,"column":60}},"line":144}},"branchMap":{"0":{"loc":{"start":{"line":71,"column":8},"end":{"line":77,"column":9}},"type":"if","locations":[{"start":{"line":71,"column":8},"end":{"line":77,"column":9}},{"start":{"line":71,"column":8},"end":{"line":77,"column":9}}],"line":71},"1":{"loc":{"start":{"line":92,"column":18},"end":{"line":92,"column":63}},"type":"cond-expr","locations":[{"start":{"line":92,"column":42},"end":{"line":92,"column":51}},{"start":{"line":92,"column":54},"end":{"line":92,"column":63}}],"line":92}},"s":{"0":0,"1":0,"2":0,"3":0,"4":0,"5":0,"6":0,"7":0,"8":0,"9":0,"10":0,"11":0,"12":0,"13":0,"14":0,"15":0,"16":0,"17":0,"18":0,"19":0,"20":0,"21":0,"22":0,"23":0},"f":{"0":0,"1":0,"2":0,"3":0,"4":0,"5":0,"6":0},"b":{"0":[0,0],"1":[0,0]},"hash":"5de3ad973ff02a35301749464903392b2f9f187c"}
}
